<?xml version="1.0" encoding="UTF-8"?>
<coverage generated="1692897923890" clover="3.2.0">
  <project timestamp="1692897923891" name="All files">
    <metrics statements="17" coveredstatements="13" conditionals="0" coveredconditionals="0" methods="5" coveredmethods="3" elements="22" coveredelements="16" complexity="0" loc="17" ncloc="17" packages="1" files="1" classes="1"/>
    <file name="taskFunctions.js" path="C:\Users\gdvl777\Documents\GitHub\to_do_list_ok\src\taskFunctions.js">
      <metrics statements="17" coveredstatements="13" conditionals="0" coveredconditionals="0" methods="5" coveredmethods="3"/>
      <line num="1" count="1" type="stmt"/>
      <line num="2" count="2" type="stmt"/>
      <line num="5" count="1" type="stmt"/>
      <line num="6" count="1" type="stmt"/>
      <line num="11" count="1" type="stmt"/>
      <line num="12" count="1" type="stmt"/>
      <line num="13" count="1" type="stmt"/>
      <line num="16" count="1" type="stmt"/>
      <line num="17" count="1" type="stmt"/>
      <line num="18" count="1" type="stmt"/>
      <line num="19" count="0" type="stmt"/>
      <line num="21" count="1" type="stmt"/>
      <line num="22" count="1" type="stmt"/>
      <line num="25" count="1" type="stmt"/>
      <line num="26" count="0" type="stmt"/>
      <line num="27" count="0" type="stmt"/>
      <line num="28" count="0" type="stmt"/>
    </file>
  </project>
</coverage>
